001 1.00403
002 1.02078
003 0.633297
004 1.01208
005 1.06138
006 0.99459
007 1.01876
008 0.842617
009 1.01835
010 0.995273
011 1.02696
012 0.601455
013 1.03779
014 1.00176
015 0.602083
016 0.948787
017 0.605455
018 0.96746
019 1.00436
020 1.00378
021 1.00239
022 0.881278
023 0.998336
024 1.0078
025 0.954371
026 1.01296
027 0.993545
028 1.03219
029 1.00927
030 1.02409
031 0.778161
032 0.954201
033 0.999534
034 1.05518
035 0.98571
036 1.01341
037 1.017
038 0.99404
039 1.01933
040 1.03833
041 1.0286
042 0.994022
043 0.978022
044 0.600081
045 1.00784
046 1.03324
047 1.0408
048 1.023
049 0.981114
050 1.0305
051 0.600281
052 1.00909
053 1.04379
054 0.946897
055 1.0219
056 0.971223
057 1.03257
058 0.631637
059 0.641202
060 0.992995
061 1.00612
062 1.0243
063 0.768311
064 1.01467
065 0.994089
066 0.995917
067 0.995518
068 1.02732
069 0.951931
070 1.01775
071 1.01906
072 1.04521
073 1.02663
074 1.01215
075 0.979961
076 1.01252
077 0.881953
078 1.02005
079 1.01333
080 1.02902
081 0.996613
082 1.01508
083 0.997355
084 0.996339
085 1.03379
086 1.03995
087 0.992585
088 0.982312
089 1.03799
090 0.864926
091 1.02392
092 1.03344
093 0.612371
094 0.975898
095 1.03004
096 0.970685
097 0.976979
098 0.820639
099 1.057
100 1.02918
