001 0.0592599
002 0.057755
003 0.0623698
004 0.0571744
005 0.0660968
006 0.0619369
007 0.0624011
008 0.0566428
009 0.0536394
010 0.0619285
011 0.0680027
012 0.0616772
013 0.0592086
014 0.0548859
015 0.0608416
016 0.057476
017 0.0614805
018 0.057353
019 0.063669
020 0.0600235
021 0.0560036
022 0.0591886
023 0.0562499
024 0.0623236
025 0.0590661
026 0.0581324
027 0.0593183
028 0.0575294
029 0.068464
030 0.067054
031 0.0602839
032 0.060535
033 0.0585237
034 0.062073
035 0.0590231
036 0.0677691
037 0.0558009
038 0.0589409
039 0.0634398
040 0.0597816
041 0.0582578
042 0.0563271
043 0.0575702
044 0.0589378
045 0.0599148
046 0.0577226
047 0.0602124
048 0.0551941
049 0.0610604
050 0.0594835
051 0.0564454
052 0.0619869
053 0.0565314
054 0.06252
055 0.0611408
056 0.0595882
057 0.0629122
058 0.0628936
059 0.0576634
060 0.0553553
061 0.0584886
062 0.0651436
063 0.0632706
064 0.0583897
065 0.0570726
066 0.0591199
067 0.055371
068 0.0609643
069 0.0597379
070 0.0613739
071 0.0592897
072 0.0600631
073 0.0622485
074 0.0582228
075 0.0644903
076 0.0572186
077 0.0586302
078 0.0587463
079 0.059077
080 0.0587049
081 0.0600483
082 0.0611637
083 0.0622416
084 0.0591581
085 0.0627627
086 0.0589435
087 0.0604403
088 0.0700183
089 0.0608573
090 0.0568595
091 0.0578237
092 0.0615218
093 0.0575576
094 0.0574229
095 0.0567577
096 0.0587232
097 0.0621707
098 0.0548861
099 0.0564706
100 0.0582051
