001 0.116011
002 0.107119
003 0.112044
004 0.110212
005 0.102916
006 0.109024
007 0.114912
008 0.110935
009 0.0988729
010 0.120817
011 0.115154
012 0.110712
013 0.105584
014 0.0948684
015 0.0941586
016 0.112177
017 0.108913
018 0.114094
019 0.0980244
020 0.114445
021 0.111536
022 0.104327
023 0.102874
024 0.0974879
025 0.105704
026 0.105954
027 0.103946
028 0.0993276
029 0.114673
030 0.109848
031 0.111979
032 0.10692
033 0.111324
034 0.120801
035 0.105918
036 0.0953832
037 0.114205
038 0.113045
039 0.107303
040 0.0949676
041 0.101646
042 0.0992787
043 0.105706
044 0.109975
045 0.112331
046 0.122567
047 0.102232
048 0.0965238
049 0.110511
050 0.103219
051 0.0964768
052 0.105264
053 0.0936396
054 0.102534
055 0.112838
056 0.103928
057 0.10401
058 0.120327
059 0.10453
060 0.10103
061 0.105114
062 0.108178
063 0.111459
064 0.100185
065 0.115129
066 0.106498
067 0.127793
068 0.111178
069 0.105379
070 0.110112
071 0.106055
072 0.115204
073 0.105112
074 0.109717
075 0.1061
076 0.107333
077 0.103323
078 0.117551
079 0.109378
080 0.109483
081 0.101308
082 0.121728
083 0.114693
084 0.113692
085 0.106785
086 0.107148
087 0.11287
088 0.100076
089 0.11192
090 0.11123
091 0.10958
092 0.108698
093 0.110502
094 0.105678
095 0.103536
096 0.104221
097 0.117922
098 0.112903
099 0.101762
100 0.107339
