001 0.320722
002 0.302454
003 0.202815
004 0.315648
005 0.312194
006 0.308192
007 0.32766
008 0.203417
009 0.292744
010 0.203928
011 0.314567
012 0.317642
013 0.283723
014 0.285822
015 0.319382
016 0.320284
017 0.315482
018 0.319663
019 0.31626
020 0.281948
021 0.302214
022 0.208602
023 0.318128
024 0.205902
025 0.311159
026 0.315881
027 0.304887
028 0.202246
029 0.293156
030 0.296803
031 0.309885
032 0.302091
033 0.318573
034 0.327057
035 0.312389
036 0.319293
037 0.204739
038 0.319819
039 0.204683
040 0.207999
041 0.308367
042 0.315115
043 0.31723
044 0.29466
045 0.30954
046 0.312264
047 0.314847
048 0.315803
049 0.319203
050 0.315828
051 0.318142
052 0.19955
053 0.316245
054 0.327213
055 0.319472
056 0.311792
057 0.308773
058 0.316137
059 0.314215
060 0.320098
061 0.311988
062 0.316715
063 0.314863
064 0.305419
065 0.333707
066 0.317939
067 0.309041
068 0.313577
069 0.317366
070 0.316277
071 0.304739
072 0.321054
073 0.317356
074 0.321119
075 0.315133
076 0.311951
077 0.207784
078 0.323549
079 0.205284
080 0.314752
081 0.318036
082 0.321646
083 0.29204
084 0.325542
085 0.208274
086 0.269161
087 0.312266
088 0.205803
089 0.30778
090 0.287471
091 0.283745
092 0.315607
093 0.315298
094 0.32248
095 0.311593
096 0.324076
097 0.30725
098 0.329587
099 0.311149
100 0.311099
