001 0.357772
002 0.342581
003 0.353882
004 0.341596
005 0.334682
006 0.345653
007 0.350186
008 0.336132
009 0.322335
010 0.342801
011 0.350397
012 0.333632
013 0.334211
014 0.34246
015 0.349811
016 0.353955
017 0.341802
018 0.349039
019 0.353358
020 0.350598
021 0.356929
022 0.351356
023 0.339118
024 0.346897
025 0.353233
026 0.346971
027 0.343446
028 0.356548
029 0.342723
030 0.346554
031 0.33634
032 0.3582
033 0.348261
034 0.343327
035 0.339488
036 0.353159
037 0.34489
038 0.342664
039 0.344306
040 0.338397
041 0.342741
042 0.347191
043 0.344186
044 0.350316
045 0.326834
046 0.354373
047 0.348022
048 0.34499
049 0.35406
050 0.346389
051 0.347639
052 0.342951
053 0.361071
054 0.333494
055 0.339348
056 0.337568
057 0.354948
058 0.353066
059 0.342834
060 0.3444
061 0.364713
062 0.336171
063 0.31562
064 0.347881
065 0.353412
066 0.345083
067 0.342149
068 0.347124
069 0.343325
070 0.347586
071 0.348126
072 0.346447
073 0.360588
074 0.348433
075 0.340835
076 0.34644
077 0.415579
078 0.358979
079 0.346678
080 0.344587
081 0.354261
082 0.343597
083 0.346916
084 0.355106
085 0.348511
086 0.355607
087 0.331122
088 0.33939
089 0.342702
090 0.327033
091 0.351724
092 0.341479
093 0.327218
094 0.345877
095 0.349502
096 0.349526
097 0.324249
098 0.332994
099 0.346603
100 0.344079
