001 0.288407
002 0.312999
003 0.320097
004 0.31486
005 0.204631
006 0.302704
007 0.315274
008 0.301512
009 0.303761
010 0.31264
011 0.324234
012 0.321193
013 0.314099
014 0.286148
015 0.271874
016 0.298079
017 0.324024
018 0.326328
019 0.207868
020 0.317626
021 0.313658
022 0.317843
023 0.303092
024 0.314628
025 0.31616
026 0.205309
027 0.316118
028 0.323469
029 0.321935
030 0.30974
031 0.316966
032 0.294235
033 0.306475
034 0.329444
035 0.281679
036 0.32984
037 0.306783
038 0.299624
039 0.214664
040 0.246122
041 0.303813
042 0.312305
043 0.310095
044 0.27568
045 0.306864
046 0.211885
047 0.206585
048 0.215307
049 0.208185
050 0.315288
051 0.308868
052 0.293382
053 0.276973
054 0.308956
055 0.250839
056 0.307009
057 0.304077
058 0.306278
059 0.296564
060 0.322504
061 0.317271
062 0.306152
063 0.313324
064 0.323214
065 0.297074
066 0.327486
067 0.317189
068 0.316943
069 0.330955
070 0.31413
071 0.314403
072 0.30695
073 0.243049
074 0.309972
075 0.303902
076 0.296893
077 0.299833
078 0.306882
079 0.303073
080 0.327779
081 0.3033
082 0.309856
083 0.305249
084 0.304562
085 0.308473
086 0.306448
087 0.326291
088 0.296135
089 0.209312
090 0.214052
091 0.298158
092 0.318965
093 0.321216
094 0.28655
095 0.30501
096 0.312819
097 0.284105
098 0.277317
099 0.295744
100 0.299456
