001 1.03542
002 0.608338
003 0.883952
004 0.892031
005 0.950094
006 0.976476
007 1.05727
008 0.888973
009 0.603999
010 0.603951
011 0.831409
012 0.965939
013 0.596362
014 1.02982
015 0.947772
016 0.985425
017 0.999304
018 1.01543
019 0.999166
020 0.814658
021 0.986352
022 1.0037
023 0.971729
024 0.987124
025 1.01869
026 0.602206
027 1.02169
028 1.01565
029 0.705621
030 0.606545
031 0.626577
032 1.00021
033 0.61298
034 1.0381
035 0.618003
036 0.854761
037 1.01576
038 1.0057
039 1.00171
040 0.614629
041 1.02284
042 0.892674
043 0.991475
044 1.00307
045 0.592994
046 0.965043
047 1.01455
048 1.03209
049 1.00501
050 1.02919
051 1.04267
052 1.01237
053 1.01603
054 1.01165
055 1.02317
056 0.968256
057 1.0145
058 1.01894
059 1.01029
060 0.616127
061 1.00313
062 1.01615
063 0.875001
064 1.02861
065 0.945307
066 1.03562
067 0.596174
068 1.00979
069 0.9738
070 1.01115
071 0.968014
072 0.986139
073 0.923794
074 0.976721
075 1.02926
076 0.937625
077 0.984474
078 0.974519
079 1.00655
080 0.958525
081 1.01292
082 0.994818
083 0.965405
084 1.06387
085 1.01231
086 0.969056
087 0.964733
088 0.626772
089 1.00228
090 1.02824
091 1.02074
092 1.01671
093 0.606384
094 0.945635
095 0.881914
096 0.986441
097 1.00926
098 0.982349
099 0.987346
100 1.02034
