001 0.0588937
002 0.0569754
003 0.0595441
004 0.0536485
005 0.0596333
006 0.0538526
007 0.058032
008 0.0557518
009 0.0608628
010 0.0630376
011 0.0527356
012 0.0560091
013 0.057899
014 0.0617998
015 0.0557611
016 0.0569997
017 0.059885
018 0.0580456
019 0.0592556
020 0.0617516
021 0.0562439
022 0.0618427
023 0.0610366
024 0.0627358
025 0.0603368
026 0.0594556
027 0.0609176
028 0.0635645
029 0.0561197
030 0.0545452
031 0.0588095
032 0.0565796
033 0.0599308
034 0.0619462
035 0.0570729
036 0.0565772
037 0.0555763
038 0.0593214
039 0.0591953
040 0.0586073
041 0.0605896
042 0.0563688
043 0.0616331
044 0.0605423
045 0.0679529
046 0.0561044
047 0.0550776
048 0.065448
049 0.0629261
050 0.0586877
051 0.0588019
052 0.0568926
053 0.0604544
054 0.058423
055 0.0595927
056 0.0577312
057 0.0610192
058 0.0584199
059 0.0605664
060 0.063359
061 0.0595074
062 0.0603261
063 0.0598097
064 0.0615647
065 0.0610323
066 0.0581665
067 0.0532827
068 0.0610073
069 0.0589194
070 0.0507312
071 0.0597034
072 0.061301
073 0.0572915
074 0.0604365
075 0.0610638
076 0.0577447
077 0.054559
078 0.0586827
079 0.066534
080 0.056411
081 0.0510685
082 0.0596843
083 0.0612388
084 0.0651546
085 0.0588167
086 0.0579362
087 0.0593829
088 0.0594022
089 0.0615828
090 0.0594132
091 0.0586641
092 0.0603426
093 0.0609882
094 0.0592189
095 0.0612369
096 0.0594273
097 0.0588751
098 0.0647721
099 0.0615878
100 0.0579355
