001 1.0366
002 0.974911
003 0.992299
004 1.01133
005 0.961138
006 1.04763
007 0.969149
008 1.03871
009 0.985901
010 0.99773
011 0.989362
012 1.04599
013 1.05933
014 1.02085
015 1.00395
016 0.981353
017 0.952831
018 1.05163
019 1.05783
020 1.02867
021 1.01536
022 1.02213
023 1.03225
024 1.04023
025 1.06275
026 1.04738
027 1.07476
028 1.01971
029 1.02117
030 0.991769
031 0.965467
032 1.05996
033 1.06812
034 1.03923
035 1.01394
036 1.03047
037 1.03048
038 1.03907
039 1.00914
040 1.03404
041 1.04812
042 1.04845
043 1.03108
044 1.03444
045 0.980062
046 1.01906
047 1.04342
048 1.05797
049 1.02562
050 1.03313
051 1.03781
052 1.00906
053 0.983232
054 1.0339
055 0.954962
056 0.976802
057 1.07229
058 1.03283
059 1.02572
060 1.02191
061 0.98753
062 1.06162
063 0.920211
064 1.05046
065 1.04136
066 1.04011
067 0.977127
068 1.05501
069 1.0613
070 1.01931
071 1.03616
072 0.929509
073 0.923707
074 0.99871
075 1.06432
076 1.07251
077 0.968641
078 1.01751
079 0.988838
080 0.98415
081 1.03137
082 1.00481
083 0.96829
084 1.07124
085 0.93335
086 1.00473
087 1.01531
088 0.999352
089 1.05822
090 0.998442
091 1.01499
092 1.02718
093 0.993634
094 1.0003
095 0.970184
096 1.03916
097 0.998356
098 1.0004
099 1.02472
100 0.94215
