001 0.0536239
002 0.0585511
003 0.0541804
004 0.0574048
005 0.0552864
006 0.0583961
007 0.061631
008 0.0563281
009 0.0563343
010 0.0588291
011 0.0577519
012 0.0618198
013 0.0597641
014 0.058146
015 0.0569329
016 0.0606461
017 0.0608995
018 0.0548623
019 0.0527184
020 0.0580652
021 0.0600927
022 0.0578759
023 0.0572002
024 0.0566964
025 0.0551295
026 0.0583322
027 0.0571303
028 0.0592024
029 0.0579073
030 0.0586302
031 0.0576324
032 0.0546236
033 0.0561297
034 0.0566761
035 0.0668955
036 0.0632775
037 0.0543151
038 0.0582349
039 0.0599706
040 0.0562963
041 0.0606096
042 0.0582252
043 0.058217
044 0.0552285
045 0.0520821
046 0.0602896
047 0.0582182
048 0.0585885
049 0.0616455
050 0.0555136
051 0.0599885
052 0.0586727
053 0.0582767
054 0.0597434
055 0.0586598
056 0.0584917
057 0.0585225
058 0.0552819
059 0.0544999
060 0.0596511
061 0.0588889
062 0.0568838
063 0.0585392
064 0.0588112
065 0.0596268
066 0.0605993
067 0.0565269
068 0.0549207
069 0.0567431
070 0.0666175
071 0.0551026
072 0.0538266
073 0.0596089
074 0.056366
075 0.062058
076 0.0550501
077 0.0603526
078 0.0532649
079 0.0537643
080 0.0579026
081 0.0535774
082 0.0550904
083 0.0561769
084 0.0616581
085 0.0616748
086 0.0570126
087 0.0575957
088 0.0592334
089 0.0568094
090 0.062062
091 0.0585992
092 0.0567429
093 0.058471
094 0.0601909
095 0.0605662
096 0.0620277
097 0.0590279
098 0.0539072
099 0.0593402
100 0.0574815
