001 0.203146
002 0.192433
003 0.192246
004 0.187291
005 0.19803
006 0.198006
007 0.186036
008 0.19116
009 0.193984
010 0.193351
011 0.18984
012 0.19286
013 0.19022
014 0.188556
015 0.190727
016 0.204924
017 0.19776
018 0.203357
019 0.193673
020 0.19648
021 0.199371
022 0.195113
023 0.192142
024 0.191025
025 0.199305
026 0.191973
027 0.192562
028 0.197846
029 0.194155
030 0.189891
031 0.194061
032 0.195519
033 0.191092
034 0.190321
035 0.194855
036 0.197844
037 0.193182
038 0.193906
039 0.195182
040 0.199455
041 0.196522
042 0.195741
043 0.20169
044 0.191612
045 0.201558
046 0.192014
047 0.192216
048 0.193581
049 0.191514
050 0.194756
051 0.218255
052 0.191618
053 0.186312
054 0.19428
055 0.19577
056 0.185951
057 0.197227
058 0.297527
059 0.195362
060 0.187904
061 0.194972
062 0.194935
063 0.190684
064 0.198797
065 0.208042
066 0.198023
067 0.186661
068 0.190667
069 0.299381
070 0.19655
071 0.194198
072 0.198138
073 0.242196
074 0.188983
075 0.189467
076 0.195829
077 0.193189
078 0.189768
079 0.200212
080 0.196993
081 0.197049
082 0.18371
083 0.192616
084 0.204859
085 0.192986
086 0.188837
087 0.195063
088 0.194907
089 0.201362
090 0.189714
091 0.197164
092 0.191837
093 0.199843
094 0.205389
095 0.19069
096 0.192987
097 0.191027
098 0.197532
099 0.194841
100 0.186354
