001 0.621427
002 0.604537
003 0.61061
004 0.585292
005 0.593433
006 0.611555
007 0.636757
008 0.606575
009 0.592938
010 0.595563
011 0.607652
012 0.599416
013 0.602341
014 0.606951
015 0.611458
016 0.606879
017 0.607427
018 0.587891
019 0.597077
020 0.603578
021 0.6117
022 0.612416
023 0.614976
024 0.596412
025 0.596919
026 0.606395
027 0.591785
028 0.620576
029 0.606825
030 0.580132
031 0.608115
032 0.603519
033 0.597033
034 0.600034
035 0.60264
036 0.621974
037 0.589884
038 0.611861
039 0.591935
040 0.608332
041 0.593854
042 0.618711
043 0.60708
044 0.6012
045 0.60938
046 0.613838
047 0.610335
048 0.590611
049 0.610968
050 0.594521
051 0.605102
052 0.594372
053 0.604015
054 0.599097
055 0.598907
056 0.597263
057 0.603431
058 0.610366
059 0.592495
060 0.608071
061 0.898486
062 0.617677
063 0.596562
064 0.606461
065 0.612546
066 0.605241
067 0.592422
068 0.587434
069 0.60223
070 0.600295
071 0.587386
072 0.588877
073 0.610331
074 0.568246
075 0.602821
076 0.591313
077 0.573038
078 0.593522
079 0.552626
080 0.605168
081 0.599412
082 0.597236
083 0.587189
084 0.629326
085 0.587922
086 0.606825
087 0.588991
088 0.59875
089 0.594003
090 0.600776
091 0.592596
092 0.611743
093 0.586956
094 0.587972
095 0.583602
096 0.61799
097 0.593024
098 0.614469
099 0.601988
100 0.589007
